Starting log output
Wrote text to /usr/src/app/text.log
Wrote text to /usr/src/app/text.log
Wrote text to /usr/src/app/text.log
Wrote text to /usr/src/app/text.log
Wrote text to /usr/src/app/text.log
Wrote text to /usr/src/app/text.log
Wrote text to /usr/src/app/text.log
2024-04-02 09:09:04 +0000 UTC
2024-04-02 09:09:06 +0000 UTC
2024-04-02 09:09:08 +0000 UTC
2024-04-02 09:09:10 +0000 UTC
2024-04-02 09:09:12 +0000 UTC
Secret message is: 'You can find the source code here: https://github.com/docker-hy'
2024-04-02 09:09:14 +0000 UTC
2024-04-02 09:09:16 +0000 UTC
2024-04-02 09:09:18 +0000 UTC
2024-04-02 09:09:20 +0000 UTC
2024-04-02 09:09:22 +0000 UTC
Secret message is: 'You can find the source code here: https://github.com/docker-hy'
2024-04-02 09:09:24 +0000 UTC
2024-04-02 09:09:26 +0000 UTC
2024-04-02 09:09:28 +0000 UTC
2024-04-02 09:09:30 +0000 UTC
2024-04-02 09:09:32 +0000 UTC
Secret message is: 'You can find the source code here: https://github.com/docker-hy'
2024-04-02 09:09:34 +0000 UTC
2024-04-02 09:09:36 +0000 UTC
2024-04-02 09:09:38 +0000 UTC
2024-04-02 09:09:40 +0000 UTC
2024-04-02 09:09:42 +0000 UTC
Secret message is: 'You can find the source code here: https://github.com/docker-hy'
2024-04-02 09:09:44 +0000 UTC
2024-04-02 09:09:46 +0000 UTC
2024-04-02 09:09:48 +0000 UTC
2024-04-02 09:09:50 +0000 UTC
2024-04-02 09:09:52 +0000 UTC
Secret message is: 'You can find the source code here: https://github.com/docker-hy'
2024-04-02 09:09:54 +0000 UTC
2024-04-02 09:09:56 +0000 UTC
2024-04-02 09:09:58 +0000 UTC
2024-04-02 09:10:00 +0000 UTC
2024-04-02 09:10:02 +0000 UTC
Secret message is: 'You can find the source code here: https://github.com/docker-hy'
2024-04-02 09:10:04 +0000 UTC
2024-04-02 09:10:06 +0000 UTC
2024-04-02 09:10:08 +0000 UTC
2024-04-02 09:10:10 +0000 UTC
2024-04-02 09:10:12 +0000 UTC
Secret message is: 'You can find the source code here: https://github.com/docker-hy'
2024-04-02 09:10:14 +0000 UTC
2024-04-02 09:10:16 +0000 UTC
2024-04-02 09:10:18 +0000 UTC
2024-04-02 09:10:20 +0000 UTC
2024-04-02 09:10:22 +0000 UTC
Secret message is: 'You can find the source code here: https://github.com/docker-hy'
2024-04-02 09:10:24 +0000 UTC
2024-04-02 09:10:26 +0000 UTC
2024-04-02 09:10:28 +0000 UTC
2024-04-02 09:10:30 +0000 UTC
2024-04-02 09:10:32 +0000 UTC
Secret message is: 'You can find the source code here: https://github.com/docker-hy'
2024-04-02 09:10:34 +0000 UTC
2024-04-02 09:10:36 +0000 UTC
2024-04-02 09:10:38 +0000 UTC
2024-04-02 09:10:40 +0000 UTC
2024-04-02 09:10:42 +0000 UTC
Secret message is: 'You can find the source code here: https://github.com/docker-hy'
2024-04-02 09:10:44 +0000 UTC
2024-04-02 09:10:46 +0000 UTC
2024-04-02 09:10:48 +0000 UTC
2024-04-02 09:10:50 +0000 UTC
2024-04-02 09:10:52 +0000 UTC
Secret message is: 'You can find the source code here: https://github.com/docker-hy'
2024-04-02 09:10:54 +0000 UTC
2024-04-02 09:10:56 +0000 UTC
2024-04-02 09:10:58 +0000 UTC
2024-04-02 09:11:00 +0000 UTC
2024-04-02 09:11:02 +0000 UTC
Secret message is: 'You can find the source code here: https://github.com/docker-hy'
2024-04-02 09:11:04 +0000 UTC
2024-04-02 09:11:06 +0000 UTC
2024-04-02 09:11:08 +0000 UTC
2024-04-02 09:11:10 +0000 UTC
2024-04-02 09:11:12 +0000 UTC
Secret message is: 'You can find the source code here: https://github.com/docker-hy'
2024-04-02 09:11:14 +0000 UTC
2024-04-02 09:11:16 +0000 UTC
2024-04-02 09:11:18 +0000 UTC
2024-04-02 09:11:20 +0000 UTC
2024-04-02 09:11:22 +0000 UTC
Secret message is: 'You can find the source code here: https://github.com/docker-hy'
2024-04-02 09:11:24 +0000 UTC
2024-04-02 09:11:26 +0000 UTC
2024-04-02 09:11:28 +0000 UTC
2024-04-02 09:11:30 +0000 UTC
2024-04-02 09:11:32 +0000 UTC
Secret message is: 'You can find the source code here: https://github.com/docker-hy'
2024-04-02 09:11:34 +0000 UTC
2024-04-02 09:11:36 +0000 UTC
2024-04-02 09:11:38 +0000 UTC
2024-04-02 09:11:40 +0000 UTC
2024-04-02 09:11:42 +0000 UTC
Secret message is: 'You can find the source code here: https://github.com/docker-hy'
2024-04-02 09:11:44 +0000 UTC
2024-04-02 09:11:46 +0000 UTC
2024-04-02 09:11:48 +0000 UTC
2024-04-02 09:11:50 +0000 UTC
2024-04-02 09:11:52 +0000 UTC
Secret message is: 'You can find the source code here: https://github.com/docker-hy'
2024-04-02 09:11:54 +0000 UTC
2024-04-02 09:11:56 +0000 UTC
2024-04-02 09:11:58 +0000 UTC
2024-04-02 09:12:00 +0000 UTC
2024-04-02 09:12:02 +0000 UTC
Secret message is: 'You can find the source code here: https://github.com/docker-hy'
2024-04-02 09:12:04 +0000 UTC
2024-04-02 09:12:06 +0000 UTC
2024-04-02 09:12:08 +0000 UTC
2024-04-02 09:12:10 +0000 UTC
2024-04-02 09:12:12 +0000 UTC
Secret message is: 'You can find the source code here: https://github.com/docker-hy'
2024-04-02 09:12:14 +0000 UTC
2024-04-02 09:12:16 +0000 UTC
2024-04-02 09:12:18 +0000 UTC
2024-04-02 09:12:20 +0000 UTC
2024-04-02 09:12:22 +0000 UTC
Secret message is: 'You can find the source code here: https://github.com/docker-hy'
2024-04-02 09:12:24 +0000 UTC
2024-04-02 09:12:26 +0000 UTC
2024-04-02 09:12:28 +0000 UTC
2024-04-02 09:12:30 +0000 UTC
2024-04-02 09:12:32 +0000 UTC
Secret message is: 'You can find the source code here: https://github.com/docker-hy'
2024-04-02 09:12:34 +0000 UTC
2024-04-02 09:12:36 +0000 UTC
2024-04-02 09:12:38 +0000 UTC
2024-04-02 09:12:40 +0000 UTC
2024-04-02 09:12:42 +0000 UTC
Secret message is: 'You can find the source code here: https://github.com/docker-hy'
2024-04-02 09:12:44 +0000 UTC
2024-04-02 09:12:46 +0000 UTC
2024-04-02 09:12:48 +0000 UTC
2024-04-02 09:12:50 +0000 UTC
2024-04-02 09:12:52 +0000 UTC
Secret message is: 'You can find the source code here: https://github.com/docker-hy'
2024-04-02 09:12:54 +0000 UTC
2024-04-02 09:12:56 +0000 UTC
2024-04-02 09:12:58 +0000 UTC
2024-04-02 09:13:00 +0000 UTC
2024-04-02 09:13:02 +0000 UTC
Secret message is: 'You can find the source code here: https://github.com/docker-hy'
2024-04-02 09:13:04 +0000 UTC
2024-04-02 09:13:06 +0000 UTC
2024-04-02 09:13:08 +0000 UTC
2024-04-02 09:13:10 +0000 UTC
2024-04-02 09:13:12 +0000 UTC
Secret message is: 'You can find the source code here: https://github.com/docker-hy'
2024-04-02 09:13:14 +0000 UTC
2024-04-02 09:13:16 +0000 UTC
2024-04-02 09:13:18 +0000 UTC
2024-04-02 09:13:20 +0000 UTC
2024-04-02 09:13:22 +0000 UTC
Secret message is: 'You can find the source code here: https://github.com/docker-hy'
2024-04-02 09:13:24 +0000 UTC
2024-04-02 09:13:26 +0000 UTC
2024-04-02 09:13:28 +0000 UTC
2024-04-02 09:13:30 +0000 UTC
2024-04-02 09:13:32 +0000 UTC
Secret message is: 'You can find the source code here: https://github.com/docker-hy'
2024-04-02 09:13:34 +0000 UTC
2024-04-02 09:13:37 +0000 UTC
2024-04-02 09:13:39 +0000 UTC
2024-04-02 09:13:41 +0000 UTC
2024-04-02 09:13:43 +0000 UTC
Secret message is: 'You can find the source code here: https://github.com/docker-hy'
2024-04-02 09:13:45 +0000 UTC
2024-04-02 09:13:47 +0000 UTC
2024-04-02 09:13:49 +0000 UTC
2024-04-02 09:13:51 +0000 UTC
2024-04-02 09:13:53 +0000 UTC
Secret message is: 'You can find the source code here: https://github.com/docker-hy'
2024-04-02 09:13:55 +0000 UTC
2024-04-02 09:13:57 +0000 UTC
2024-04-02 09:13:59 +0000 UTC
2024-04-02 09:14:01 +0000 UTC
2024-04-02 09:14:03 +0000 UTC
Secret message is: 'You can find the source code here: https://github.com/docker-hy'
2024-04-02 09:14:05 +0000 UTC
2024-04-02 09:14:07 +0000 UTC
2024-04-02 09:14:09 +0000 UTC
2024-04-02 09:14:11 +0000 UTC
2024-04-02 09:14:13 +0000 UTC
Secret message is: 'You can find the source code here: https://github.com/docker-hy'
2024-04-02 09:14:15 +0000 UTC
2024-04-02 09:14:17 +0000 UTC
2024-04-02 09:14:19 +0000 UTC
2024-04-02 09:14:21 +0000 UTC
2024-04-02 09:14:23 +0000 UTC
Secret message is: 'You can find the source code here: https://github.com/docker-hy'
2024-04-02 09:14:25 +0000 UTC
2024-04-02 09:14:27 +0000 UTC
2024-04-02 09:14:29 +0000 UTC
2024-04-02 09:14:31 +0000 UTC
2024-04-02 09:14:33 +0000 UTC
Secret message is: 'You can find the source code here: https://github.com/docker-hy'
2024-04-02 09:14:35 +0000 UTC
2024-04-02 09:14:37 +0000 UTC
2024-04-02 09:14:39 +0000 UTC
2024-04-02 09:14:41 +0000 UTC
2024-04-02 09:14:43 +0000 UTC
Secret message is: 'You can find the source code here: https://github.com/docker-hy'
2024-04-02 09:14:45 +0000 UTC
2024-04-02 09:14:47 +0000 UTC
2024-04-02 09:14:49 +0000 UTC
2024-04-02 09:14:51 +0000 UTC
2024-04-02 09:14:53 +0000 UTC
Secret message is: 'You can find the source code here: https://github.com/docker-hy'
2024-04-02 09:14:55 +0000 UTC
2024-04-02 09:14:57 +0000 UTC
2024-04-02 09:14:59 +0000 UTC
2024-04-02 09:15:01 +0000 UTC
2024-04-02 09:15:03 +0000 UTC
Secret message is: 'You can find the source code here: https://github.com/docker-hy'
2024-04-02 09:15:05 +0000 UTC
2024-04-02 09:15:07 +0000 UTC
2024-04-02 09:15:09 +0000 UTC
2024-04-02 09:15:11 +0000 UTC
2024-04-02 09:15:13 +0000 UTC
Secret message is: 'You can find the source code here: https://github.com/docker-hy'
2024-04-02 09:15:15 +0000 UTC
2024-04-02 09:15:17 +0000 UTC
2024-04-02 09:15:19 +0000 UTC
2024-04-02 09:15:21 +0000 UTC
2024-04-02 09:15:23 +0000 UTC
Secret message is: 'You can find the source code here: https://github.com/docker-hy'
2024-04-02 09:15:25 +0000 UTC
2024-04-02 09:15:27 +0000 UTC
2024-04-02 09:15:29 +0000 UTC
2024-04-02 09:15:31 +0000 UTC
2024-04-02 09:15:33 +0000 UTC
Secret message is: 'You can find the source code here: https://github.com/docker-hy'
2024-04-02 09:15:35 +0000 UTC
2024-04-02 09:15:37 +0000 UTC
2024-04-02 09:15:39 +0000 UTC
2024-04-02 09:15:41 +0000 UTC
2024-04-02 09:15:43 +0000 UTC
Secret message is: 'You can find the source code here: https://github.com/docker-hy'
2024-04-02 09:15:45 +0000 UTC
2024-04-02 09:15:47 +0000 UTC
2024-04-02 09:15:49 +0000 UTC
2024-04-02 09:15:51 +0000 UTC
2024-04-02 09:15:53 +0000 UTC
Secret message is: 'You can find the source code here: https://github.com/docker-hy'
2024-04-02 09:15:55 +0000 UTC
2024-04-02 09:15:57 +0000 UTC
2024-04-02 09:15:59 +0000 UTC
2024-04-02 09:16:01 +0000 UTC
2024-04-02 09:16:03 +0000 UTC
Secret message is: 'You can find the source code here: https://github.com/docker-hy'
2024-04-02 09:16:05 +0000 UTC
2024-04-02 09:16:07 +0000 UTC
2024-04-02 09:16:09 +0000 UTC
2024-04-02 09:16:11 +0000 UTC
2024-04-02 09:16:13 +0000 UTC
Secret message is: 'You can find the source code here: https://github.com/docker-hy'
2024-04-02 09:16:15 +0000 UTC
2024-04-02 09:16:17 +0000 UTC
2024-04-02 09:16:19 +0000 UTC
2024-04-02 09:16:21 +0000 UTC
2024-04-02 09:16:23 +0000 UTC
Secret message is: 'You can find the source code here: https://github.com/docker-hy'
2024-04-02 09:16:25 +0000 UTC
2024-04-02 09:16:27 +0000 UTC
2024-04-02 09:16:29 +0000 UTC
2024-04-02 09:16:31 +0000 UTC
2024-04-02 09:16:33 +0000 UTC
Secret message is: 'You can find the source code here: https://github.com/docker-hy'
2024-04-02 09:16:35 +0000 UTC
2024-04-02 09:16:37 +0000 UTC
2024-04-02 09:16:39 +0000 UTC
2024-04-02 09:16:41 +0000 UTC
2024-04-02 09:16:43 +0000 UTC
Secret message is: 'You can find the source code here: https://github.com/docker-hy'
2024-04-02 09:16:45 +0000 UTC
2024-04-02 09:16:47 +0000 UTC
2024-04-02 09:16:49 +0000 UTC
2024-04-02 09:16:51 +0000 UTC
2024-04-02 09:16:53 +0000 UTC
Secret message is: 'You can find the source code here: https://github.com/docker-hy'
2024-04-02 09:16:55 +0000 UTC
2024-04-02 09:16:57 +0000 UTC
2024-04-02 09:16:59 +0000 UTC
2024-04-02 09:17:01 +0000 UTC
2024-04-02 09:17:03 +0000 UTC
Secret message is: 'You can find the source code here: https://github.com/docker-hy'
2024-04-02 09:17:05 +0000 UTC
2024-04-02 09:17:07 +0000 UTC
2024-04-02 09:17:09 +0000 UTC
2024-04-02 09:17:11 +0000 UTC
2024-04-02 09:17:13 +0000 UTC
Secret message is: 'You can find the source code here: https://github.com/docker-hy'
2024-04-02 09:17:15 +0000 UTC
2024-04-02 09:17:17 +0000 UTC
2024-04-02 09:17:19 +0000 UTC
2024-04-02 09:17:21 +0000 UTC
2024-04-02 09:17:23 +0000 UTC
Secret message is: 'You can find the source code here: https://github.com/docker-hy'
2024-04-02 09:17:25 +0000 UTC
2024-04-02 09:17:27 +0000 UTC
2024-04-02 09:17:29 +0000 UTC
2024-04-02 09:17:31 +0000 UTC
2024-04-02 09:17:33 +0000 UTC
Secret message is: 'You can find the source code here: https://github.com/docker-hy'
2024-04-02 09:17:35 +0000 UTC
2024-04-02 09:17:37 +0000 UTC
2024-04-02 09:17:39 +0000 UTC
2024-04-02 09:17:41 +0000 UTC
2024-04-02 09:17:43 +0000 UTC
Secret message is: 'You can find the source code here: https://github.com/docker-hy'
2024-04-02 09:17:45 +0000 UTC
2024-04-02 09:17:47 +0000 UTC
2024-04-02 09:17:49 +0000 UTC
2024-04-02 09:17:51 +0000 UTC
2024-04-02 09:17:53 +0000 UTC
Secret message is: 'You can find the source code here: https://github.com/docker-hy'
2024-04-02 09:17:55 +0000 UTC
2024-04-02 09:17:57 +0000 UTC
2024-04-02 09:17:59 +0000 UTC
2024-04-02 09:18:01 +0000 UTC
2024-04-02 09:18:03 +0000 UTC
Secret message is: 'You can find the source code here: https://github.com/docker-hy'
2024-04-02 09:18:05 +0000 UTC
2024-04-02 09:18:07 +0000 UTC
2024-04-02 09:18:09 +0000 UTC
2024-04-02 09:18:11 +0000 UTC
2024-04-02 09:18:13 +0000 UTC
Secret message is: 'You can find the source code here: https://github.com/docker-hy'
2024-04-02 09:18:15 +0000 UTC
2024-04-02 09:18:17 +0000 UTC
2024-04-02 09:18:19 +0000 UTC
2024-04-02 09:18:21 +0000 UTC
2024-04-02 09:18:23 +0000 UTC
Secret message is: 'You can find the source code here: https://github.com/docker-hy'
2024-04-02 09:18:25 +0000 UTC
2024-04-02 09:18:27 +0000 UTC
2024-04-02 09:18:29 +0000 UTC
2024-04-02 09:18:31 +0000 UTC
2024-04-02 09:18:33 +0000 UTC
Secret message is: 'You can find the source code here: https://github.com/docker-hy'
2024-04-02 09:18:35 +0000 UTC
2024-04-02 09:18:37 +0000 UTC
2024-04-02 09:18:39 +0000 UTC
2024-04-02 09:18:41 +0000 UTC
2024-04-02 09:18:43 +0000 UTC
Secret message is: 'You can find the source code here: https://github.com/docker-hy'
2024-04-02 09:18:45 +0000 UTC
2024-04-02 09:18:47 +0000 UTC
2024-04-02 09:18:49 +0000 UTC
2024-04-02 09:18:51 +0000 UTC
2024-04-02 09:18:53 +0000 UTC
Secret message is: 'You can find the source code here: https://github.com/docker-hy'
2024-04-02 09:18:55 +0000 UTC
2024-04-02 09:18:57 +0000 UTC
2024-04-02 09:18:59 +0000 UTC
2024-04-02 09:19:01 +0000 UTC
2024-04-02 09:19:03 +0000 UTC
Secret message is: 'You can find the source code here: https://github.com/docker-hy'
2024-04-02 09:19:05 +0000 UTC
2024-04-02 09:19:07 +0000 UTC
2024-04-02 09:19:09 +0000 UTC
2024-04-02 09:19:11 +0000 UTC
2024-04-02 09:19:13 +0000 UTC
Secret message is: 'You can find the source code here: https://github.com/docker-hy'
2024-04-02 09:19:15 +0000 UTC
2024-04-02 09:19:17 +0000 UTC
2024-04-02 09:19:19 +0000 UTC
2024-04-02 09:19:21 +0000 UTC
2024-04-02 09:19:23 +0000 UTC
Secret message is: 'You can find the source code here: https://github.com/docker-hy'
2024-04-02 09:19:25 +0000 UTC
2024-04-02 09:19:27 +0000 UTC
2024-04-02 09:19:29 +0000 UTC
2024-04-02 09:19:31 +0000 UTC
2024-04-02 09:19:33 +0000 UTC
Secret message is: 'You can find the source code here: https://github.com/docker-hy'
2024-04-02 09:19:35 +0000 UTC
2024-04-02 09:19:37 +0000 UTC
2024-04-02 09:19:39 +0000 UTC
2024-04-02 09:19:41 +0000 UTC
2024-04-02 09:19:43 +0000 UTC
Secret message is: 'You can find the source code here: https://github.com/docker-hy'
2024-04-02 09:19:45 +0000 UTC
2024-04-02 09:19:47 +0000 UTC
2024-04-02 09:19:49 +0000 UTC
2024-04-02 09:19:51 +0000 UTC
2024-04-02 09:19:53 +0000 UTC
Secret message is: 'You can find the source code here: https://github.com/docker-hy'
2024-04-02 09:19:55 +0000 UTC
2024-04-02 09:19:57 +0000 UTC
2024-04-02 09:19:59 +0000 UTC
2024-04-02 09:20:01 +0000 UTC
2024-04-02 09:20:03 +0000 UTC
Secret message is: 'You can find the source code here: https://github.com/docker-hy'
2024-04-02 09:20:05 +0000 UTC
2024-04-02 09:20:07 +0000 UTC
2024-04-02 09:20:09 +0000 UTC
2024-04-02 09:20:11 +0000 UTC
2024-04-02 09:20:13 +0000 UTC
Secret message is: 'You can find the source code here: https://github.com/docker-hy'
2024-04-02 09:20:15 +0000 UTC
2024-04-02 09:20:17 +0000 UTC
2024-04-02 09:20:19 +0000 UTC
2024-04-02 09:20:21 +0000 UTC
2024-04-02 09:20:23 +0000 UTC
Secret message is: 'You can find the source code here: https://github.com/docker-hy'
2024-04-02 09:20:25 +0000 UTC
2024-04-02 09:20:27 +0000 UTC
2024-04-02 09:20:29 +0000 UTC
2024-04-02 09:20:31 +0000 UTC
2024-04-02 09:20:33 +0000 UTC
Secret message is: 'You can find the source code here: https://github.com/docker-hy'
2024-04-02 09:20:35 +0000 UTC
2024-04-02 09:20:37 +0000 UTC
2024-04-02 09:20:39 +0000 UTC
2024-04-02 09:20:41 +0000 UTC
2024-04-02 09:20:43 +0000 UTC
Secret message is: 'You can find the source code here: https://github.com/docker-hy'
2024-04-02 09:20:45 +0000 UTC
2024-04-02 09:20:47 +0000 UTC
2024-04-02 09:20:49 +0000 UTC
2024-04-02 09:20:51 +0000 UTC
2024-04-02 09:20:53 +0000 UTC
Secret message is: 'You can find the source code here: https://github.com/docker-hy'
2024-04-02 09:20:55 +0000 UTC
2024-04-02 09:20:57 +0000 UTC
2024-04-02 09:20:59 +0000 UTC
2024-04-02 09:21:01 +0000 UTC
2024-04-02 09:21:03 +0000 UTC
Secret message is: 'You can find the source code here: https://github.com/docker-hy'
2024-04-02 09:21:05 +0000 UTC
2024-04-02 09:21:07 +0000 UTC
2024-04-02 09:21:09 +0000 UTC
2024-04-02 09:21:11 +0000 UTC
2024-04-02 09:21:13 +0000 UTC
Secret message is: 'You can find the source code here: https://github.com/docker-hy'
2024-04-02 09:21:15 +0000 UTC
2024-04-02 09:21:17 +0000 UTC
2024-04-02 09:21:19 +0000 UTC
2024-04-02 09:21:21 +0000 UTC
2024-04-02 09:21:23 +0000 UTC
Secret message is: 'You can find the source code here: https://github.com/docker-hy'
2024-04-02 09:21:25 +0000 UTC
2024-04-02 09:21:27 +0000 UTC
2024-04-02 09:21:30 +0000 UTC
2024-04-02 09:21:32 +0000 UTC
2024-04-02 09:21:34 +0000 UTC
Secret message is: 'You can find the source code here: https://github.com/docker-hy'
2024-04-02 09:21:36 +0000 UTC
2024-04-02 09:21:38 +0000 UTC
2024-04-02 09:21:40 +0000 UTC
2024-04-02 09:21:42 +0000 UTC
2024-04-02 09:21:44 +0000 UTC
Secret message is: 'You can find the source code here: https://github.com/docker-hy'
2024-04-02 09:21:46 +0000 UTC
2024-04-02 09:21:48 +0000 UTC
2024-04-02 09:21:50 +0000 UTC
2024-04-02 09:21:52 +0000 UTC
2024-04-02 09:21:54 +0000 UTC
Secret message is: 'You can find the source code here: https://github.com/docker-hy'
2024-04-02 09:21:56 +0000 UTC
2024-04-02 09:21:58 +0000 UTC
2024-04-02 09:22:00 +0000 UTC
2024-04-02 09:22:02 +0000 UTC
2024-04-02 09:22:04 +0000 UTC
Secret message is: 'You can find the source code here: https://github.com/docker-hy'
2024-04-02 09:22:06 +0000 UTC
2024-04-02 09:22:08 +0000 UTC
2024-04-02 09:22:10 +0000 UTC
2024-04-02 09:22:12 +0000 UTC
2024-04-02 09:22:14 +0000 UTC
Secret message is: 'You can find the source code here: https://github.com/docker-hy'
2024-04-02 09:22:16 +0000 UTC
2024-04-02 09:22:18 +0000 UTC
2024-04-02 09:22:20 +0000 UTC
2024-04-02 09:22:22 +0000 UTC
2024-04-02 09:22:24 +0000 UTC
Secret message is: 'You can find the source code here: https://github.com/docker-hy'
2024-04-02 09:22:26 +0000 UTC
2024-04-02 09:22:28 +0000 UTC
2024-04-02 09:22:30 +0000 UTC
2024-04-02 09:22:32 +0000 UTC
2024-04-02 09:22:34 +0000 UTC
Secret message is: 'You can find the source code here: https://github.com/docker-hy'
2024-04-02 09:22:36 +0000 UTC
2024-04-02 09:22:38 +0000 UTC
2024-04-02 09:22:40 +0000 UTC
2024-04-02 09:22:42 +0000 UTC
2024-04-02 09:22:44 +0000 UTC
Secret message is: 'You can find the source code here: https://github.com/docker-hy'
2024-04-02 09:22:46 +0000 UTC
2024-04-02 09:22:48 +0000 UTC
2024-04-02 09:22:50 +0000 UTC
2024-04-02 09:22:52 +0000 UTC
2024-04-02 09:22:54 +0000 UTC
Secret message is: 'You can find the source code here: https://github.com/docker-hy'
2024-04-02 09:22:56 +0000 UTC
2024-04-02 09:22:58 +0000 UTC
2024-04-02 09:23:00 +0000 UTC
2024-04-02 09:23:02 +0000 UTC
2024-04-02 09:23:04 +0000 UTC
Secret message is: 'You can find the source code here: https://github.com/docker-hy'
2024-04-02 09:23:06 +0000 UTC
2024-04-02 09:23:08 +0000 UTC
2024-04-02 09:23:10 +0000 UTC
2024-04-02 09:23:12 +0000 UTC
2024-04-02 09:23:14 +0000 UTC
Secret message is: 'You can find the source code here: https://github.com/docker-hy'
2024-04-02 09:23:16 +0000 UTC
2024-04-02 09:23:18 +0000 UTC
2024-04-02 09:23:20 +0000 UTC
2024-04-02 09:23:22 +0000 UTC
2024-04-02 09:23:24 +0000 UTC
Secret message is: 'You can find the source code here: https://github.com/docker-hy'
2024-04-02 09:23:26 +0000 UTC
2024-04-02 09:23:28 +0000 UTC
2024-04-02 09:23:30 +0000 UTC
2024-04-02 09:23:32 +0000 UTC
2024-04-02 09:23:34 +0000 UTC
Secret message is: 'You can find the source code here: https://github.com/docker-hy'
2024-04-02 09:23:36 +0000 UTC
2024-04-02 09:23:38 +0000 UTC
2024-04-02 09:23:40 +0000 UTC
2024-04-02 09:23:42 +0000 UTC
2024-04-02 09:23:44 +0000 UTC
Secret message is: 'You can find the source code here: https://github.com/docker-hy'
2024-04-02 09:23:46 +0000 UTC
2024-04-02 09:23:48 +0000 UTC
2024-04-02 09:23:50 +0000 UTC
2024-04-02 09:23:52 +0000 UTC
2024-04-02 09:23:54 +0000 UTC
Secret message is: 'You can find the source code here: https://github.com/docker-hy'
2024-04-02 09:23:56 +0000 UTC
2024-04-02 09:23:58 +0000 UTC
2024-04-02 09:24:00 +0000 UTC
2024-04-02 09:24:02 +0000 UTC
2024-04-02 09:24:04 +0000 UTC
Secret message is: 'You can find the source code here: https://github.com/docker-hy'
2024-04-02 09:24:06 +0000 UTC
2024-04-02 09:24:08 +0000 UTC
2024-04-02 09:24:10 +0000 UTC
2024-04-02 09:24:12 +0000 UTC
2024-04-02 09:24:14 +0000 UTC
Secret message is: 'You can find the source code here: https://github.com/docker-hy'
2024-04-02 09:24:16 +0000 UTC
2024-04-02 09:24:18 +0000 UTC
2024-04-02 09:24:20 +0000 UTC
2024-04-02 09:24:22 +0000 UTC
2024-04-02 09:24:24 +0000 UTC
Secret message is: 'You can find the source code here: https://github.com/docker-hy'
2024-04-02 09:24:26 +0000 UTC
2024-04-02 09:24:28 +0000 UTC
2024-04-02 09:24:30 +0000 UTC
2024-04-02 09:24:32 +0000 UTC
2024-04-02 09:24:34 +0000 UTC
Secret message is: 'You can find the source code here: https://github.com/docker-hy'
2024-04-02 09:24:36 +0000 UTC
2024-04-02 09:24:38 +0000 UTC
2024-04-02 09:24:40 +0000 UTC
2024-04-02 09:24:42 +0000 UTC
2024-04-02 09:24:44 +0000 UTC
Secret message is: 'You can find the source code here: https://github.com/docker-hy'
2024-04-02 09:24:46 +0000 UTC
2024-04-02 09:24:48 +0000 UTC
2024-04-02 09:24:50 +0000 UTC
2024-04-02 09:24:52 +0000 UTC
2024-04-02 09:24:54 +0000 UTC
Secret message is: 'You can find the source code here: https://github.com/docker-hy'
2024-04-02 09:24:56 +0000 UTC
2024-04-02 09:24:58 +0000 UTC
2024-04-02 09:25:00 +0000 UTC
2024-04-02 09:25:02 +0000 UTC
2024-04-02 09:25:04 +0000 UTC
Secret message is: 'You can find the source code here: https://github.com/docker-hy'
2024-04-02 09:25:06 +0000 UTC
2024-04-02 09:25:08 +0000 UTC
2024-04-02 09:25:10 +0000 UTC
2024-04-02 09:25:12 +0000 UTC
2024-04-02 09:25:14 +0000 UTC
Secret message is: 'You can find the source code here: https://github.com/docker-hy'
2024-04-02 09:25:16 +0000 UTC
2024-04-02 09:25:18 +0000 UTC
2024-04-02 09:25:20 +0000 UTC
2024-04-02 09:25:22 +0000 UTC
2024-04-02 09:25:24 +0000 UTC
Secret message is: 'You can find the source code here: https://github.com/docker-hy'
2024-04-02 09:25:26 +0000 UTC
2024-04-02 09:25:28 +0000 UTC
2024-04-02 09:25:30 +0000 UTC
2024-04-02 09:25:32 +0000 UTC
2024-04-02 09:25:34 +0000 UTC
Secret message is: 'You can find the source code here: https://github.com/docker-hy'
2024-04-02 09:25:36 +0000 UTC
2024-04-02 09:25:38 +0000 UTC
2024-04-02 09:25:40 +0000 UTC
2024-04-02 09:25:42 +0000 UTC
2024-04-02 09:25:44 +0000 UTC
Secret message is: 'You can find the source code here: https://github.com/docker-hy'
2024-04-02 09:25:46 +0000 UTC
2024-04-02 09:25:48 +0000 UTC
2024-04-02 09:25:50 +0000 UTC
2024-04-02 09:25:52 +0000 UTC
2024-04-02 09:25:54 +0000 UTC
Secret message is: 'You can find the source code here: https://github.com/docker-hy'
2024-04-02 09:25:56 +0000 UTC
2024-04-02 09:25:58 +0000 UTC
2024-04-02 09:26:00 +0000 UTC
2024-04-02 09:26:02 +0000 UTC
2024-04-02 09:26:04 +0000 UTC
Secret message is: 'You can find the source code here: https://github.com/docker-hy'
2024-04-02 09:26:06 +0000 UTC
2024-04-02 09:26:08 +0000 UTC
2024-04-02 09:26:10 +0000 UTC
2024-04-02 09:26:12 +0000 UTC
2024-04-02 09:26:14 +0000 UTC
Secret message is: 'You can find the source code here: https://github.com/docker-hy'
2024-04-02 09:26:16 +0000 UTC
2024-04-02 09:26:18 +0000 UTC
2024-04-02 09:26:20 +0000 UTC
2024-04-02 09:26:22 +0000 UTC
2024-04-02 09:26:24 +0000 UTC
Secret message is: 'You can find the source code here: https://github.com/docker-hy'
2024-04-02 09:26:26 +0000 UTC
2024-04-02 09:26:28 +0000 UTC
2024-04-02 09:26:30 +0000 UTC
2024-04-02 09:26:32 +0000 UTC
2024-04-02 09:26:34 +0000 UTC
Secret message is: 'You can find the source code here: https://github.com/docker-hy'
2024-04-02 09:26:36 +0000 UTC
2024-04-02 09:26:38 +0000 UTC
2024-04-02 09:26:40 +0000 UTC
2024-04-02 09:26:42 +0000 UTC
2024-04-02 09:26:44 +0000 UTC
Secret message is: 'You can find the source code here: https://github.com/docker-hy'
2024-04-02 09:26:46 +0000 UTC
2024-04-02 09:26:48 +0000 UTC
2024-04-02 09:26:50 +0000 UTC
2024-04-02 09:26:52 +0000 UTC
2024-04-02 09:26:54 +0000 UTC
Secret message is: 'You can find the source code here: https://github.com/docker-hy'
2024-04-02 09:26:56 +0000 UTC
2024-04-02 09:26:58 +0000 UTC
2024-04-02 09:27:00 +0000 UTC
2024-04-02 09:27:02 +0000 UTC
2024-04-02 09:27:04 +0000 UTC
Secret message is: 'You can find the source code here: https://github.com/docker-hy'
2024-04-02 09:27:06 +0000 UTC
2024-04-02 09:27:08 +0000 UTC
2024-04-02 09:27:10 +0000 UTC
2024-04-02 09:27:12 +0000 UTC
2024-04-02 09:27:14 +0000 UTC
Secret message is: 'You can find the source code here: https://github.com/docker-hy'
2024-04-02 09:27:16 +0000 UTC
2024-04-02 09:27:18 +0000 UTC
2024-04-02 09:27:20 +0000 UTC
2024-04-02 09:27:22 +0000 UTC
2024-04-02 09:27:24 +0000 UTC
Secret message is: 'You can find the source code here: https://github.com/docker-hy'
2024-04-02 09:27:26 +0000 UTC
2024-04-02 09:27:28 +0000 UTC
2024-04-02 09:27:30 +0000 UTC
2024-04-02 09:27:32 +0000 UTC
2024-04-02 09:27:34 +0000 UTC
Secret message is: 'You can find the source code here: https://github.com/docker-hy'
2024-04-02 09:27:36 +0000 UTC
2024-04-02 09:27:38 +0000 UTC
2024-04-02 09:27:40 +0000 UTC
2024-04-02 09:27:42 +0000 UTC
2024-04-02 09:27:44 +0000 UTC
Secret message is: 'You can find the source code here: https://github.com/docker-hy'
2024-04-02 09:27:46 +0000 UTC
2024-04-02 09:27:48 +0000 UTC
2024-04-02 09:27:50 +0000 UTC
2024-04-02 09:27:52 +0000 UTC
2024-04-02 09:27:54 +0000 UTC
Secret message is: 'You can find the source code here: https://github.com/docker-hy'
2024-04-02 09:27:56 +0000 UTC
2024-04-02 09:27:58 +0000 UTC
2024-04-02 09:28:00 +0000 UTC
2024-04-02 09:28:02 +0000 UTC
2024-04-02 09:28:04 +0000 UTC
Secret message is: 'You can find the source code here: https://github.com/docker-hy'
2024-04-02 09:28:06 +0000 UTC
2024-04-02 09:28:08 +0000 UTC
2024-04-02 09:28:10 +0000 UTC
2024-04-02 09:28:12 +0000 UTC
2024-04-02 09:28:14 +0000 UTC
Secret message is: 'You can find the source code here: https://github.com/docker-hy'
2024-04-02 09:28:16 +0000 UTC
2024-04-02 09:28:18 +0000 UTC
2024-04-02 09:28:20 +0000 UTC
2024-04-02 09:28:22 +0000 UTC
2024-04-02 09:28:24 +0000 UTC
Secret message is: 'You can find the source code here: https://github.com/docker-hy'
2024-04-02 09:28:26 +0000 UTC
2024-04-02 09:28:28 +0000 UTC
2024-04-02 09:28:30 +0000 UTC
2024-04-02 09:28:32 +0000 UTC
2024-04-02 09:28:34 +0000 UTC
Secret message is: 'You can find the source code here: https://github.com/docker-hy'
2024-04-02 09:28:36 +0000 UTC
2024-04-02 09:28:38 +0000 UTC
2024-04-02 09:28:40 +0000 UTC
2024-04-02 09:28:42 +0000 UTC
2024-04-02 09:28:44 +0000 UTC
Secret message is: 'You can find the source code here: https://github.com/docker-hy'
2024-04-02 09:28:46 +0000 UTC
2024-04-02 09:28:48 +0000 UTC
2024-04-02 09:28:50 +0000 UTC
2024-04-02 09:28:52 +0000 UTC
2024-04-02 09:28:54 +0000 UTC
Secret message is: 'You can find the source code here: https://github.com/docker-hy'
2024-04-02 09:28:56 +0000 UTC
2024-04-02 09:28:58 +0000 UTC
2024-04-02 09:29:00 +0000 UTC
2024-04-02 09:29:02 +0000 UTC
2024-04-02 09:29:04 +0000 UTC
Secret message is: 'You can find the source code here: https://github.com/docker-hy'
2024-04-02 09:29:06 +0000 UTC
2024-04-02 09:29:08 +0000 UTC
2024-04-02 09:29:10 +0000 UTC
2024-04-02 09:29:12 +0000 UTC
2024-04-02 09:29:14 +0000 UTC
Secret message is: 'You can find the source code here: https://github.com/docker-hy'
2024-04-02 09:29:16 +0000 UTC
2024-04-02 09:29:18 +0000 UTC
2024-04-02 09:29:20 +0000 UTC
2024-04-02 09:29:22 +0000 UTC
2024-04-02 09:29:24 +0000 UTC
Secret message is: 'You can find the source code here: https://github.com/docker-hy'
2024-04-02 09:29:26 +0000 UTC
2024-04-02 09:29:28 +0000 UTC
2024-04-02 09:29:30 +0000 UTC
2024-04-02 09:29:32 +0000 UTC
2024-04-02 09:29:34 +0000 UTC
Secret message is: 'You can find the source code here: https://github.com/docker-hy'
2024-04-02 09:29:36 +0000 UTC
2024-04-02 09:29:38 +0000 UTC
2024-04-02 09:29:40 +0000 UTC
2024-04-02 09:29:42 +0000 UTC
2024-04-02 09:29:44 +0000 UTC
Secret message is: 'You can find the source code here: https://github.com/docker-hy'
2024-04-02 09:29:46 +0000 UTC
2024-04-02 09:29:48 +0000 UTC
2024-04-02 09:29:50 +0000 UTC
2024-04-02 09:29:52 +0000 UTC
2024-04-02 09:29:54 +0000 UTC
Secret message is: 'You can find the source code here: https://github.com/docker-hy'
2024-04-02 09:29:56 +0000 UTC
2024-04-02 09:29:58 +0000 UTC
2024-04-02 09:30:00 +0000 UTC
2024-04-02 09:30:02 +0000 UTC
2024-04-02 09:30:05 +0000 UTC
Secret message is: 'You can find the source code here: https://github.com/docker-hy'
2024-04-02 09:30:07 +0000 UTC
2024-04-02 09:30:09 +0000 UTC
2024-04-02 09:30:11 +0000 UTC
2024-04-02 09:30:13 +0000 UTC
2024-04-02 09:30:15 +0000 UTC
Secret message is: 'You can find the source code here: https://github.com/docker-hy'
2024-04-02 09:30:17 +0000 UTC
2024-04-02 09:30:19 +0000 UTC
2024-04-02 09:30:21 +0000 UTC
2024-04-02 09:30:23 +0000 UTC
2024-04-02 09:30:25 +0000 UTC
Secret message is: 'You can find the source code here: https://github.com/docker-hy'
2024-04-02 09:30:27 +0000 UTC
2024-04-02 09:30:29 +0000 UTC
2024-04-02 09:30:31 +0000 UTC
2024-04-02 09:30:33 +0000 UTC
2024-04-02 09:30:35 +0000 UTC
Secret message is: 'You can find the source code here: https://github.com/docker-hy'
2024-04-02 09:30:37 +0000 UTC
2024-04-02 09:30:39 +0000 UTC
2024-04-02 09:30:41 +0000 UTC
2024-04-02 09:30:43 +0000 UTC
2024-04-02 09:30:45 +0000 UTC
Secret message is: 'You can find the source code here: https://github.com/docker-hy'
2024-04-02 09:30:47 +0000 UTC
2024-04-02 09:30:49 +0000 UTC
2024-04-02 09:30:51 +0000 UTC
2024-04-02 09:30:53 +0000 UTC
2024-04-02 09:30:55 +0000 UTC
Secret message is: 'You can find the source code here: https://github.com/docker-hy'
2024-04-02 09:30:57 +0000 UTC
2024-04-02 09:30:59 +0000 UTC
2024-04-02 09:31:01 +0000 UTC
2024-04-02 09:31:03 +0000 UTC
2024-04-02 09:31:05 +0000 UTC
Secret message is: 'You can find the source code here: https://github.com/docker-hy'
2024-04-02 09:31:07 +0000 UTC
2024-04-02 09:31:09 +0000 UTC
2024-04-02 09:31:11 +0000 UTC
2024-04-02 09:31:13 +0000 UTC
2024-04-02 09:31:15 +0000 UTC
Secret message is: 'You can find the source code here: https://github.com/docker-hy'
2024-04-02 09:31:17 +0000 UTC
2024-04-02 09:31:19 +0000 UTC
2024-04-02 09:31:21 +0000 UTC
2024-04-02 09:31:23 +0000 UTC
2024-04-02 09:31:25 +0000 UTC
Secret message is: 'You can find the source code here: https://github.com/docker-hy'
2024-04-02 09:31:27 +0000 UTC
2024-04-02 09:31:29 +0000 UTC
2024-04-02 09:31:31 +0000 UTC
2024-04-02 09:31:33 +0000 UTC
2024-04-02 09:31:35 +0000 UTC
Secret message is: 'You can find the source code here: https://github.com/docker-hy'
2024-04-02 09:31:37 +0000 UTC
2024-04-02 09:31:39 +0000 UTC
2024-04-02 09:31:41 +0000 UTC
2024-04-02 09:31:43 +0000 UTC
2024-04-02 09:31:45 +0000 UTC
Secret message is: 'You can find the source code here: https://github.com/docker-hy'
2024-04-02 09:31:47 +0000 UTC
2024-04-02 09:31:49 +0000 UTC
2024-04-02 09:31:51 +0000 UTC
2024-04-02 09:31:53 +0000 UTC
2024-04-02 09:31:55 +0000 UTC
Secret message is: 'You can find the source code here: https://github.com/docker-hy'
2024-04-02 09:31:57 +0000 UTC
2024-04-02 09:31:59 +0000 UTC
2024-04-02 09:32:01 +0000 UTC
2024-04-02 09:32:03 +0000 UTC
2024-04-02 09:32:05 +0000 UTC
Secret message is: 'You can find the source code here: https://github.com/docker-hy'
2024-04-02 09:32:07 +0000 UTC
2024-04-02 09:32:09 +0000 UTC
2024-04-02 09:32:11 +0000 UTC
2024-04-02 09:32:13 +0000 UTC
2024-04-02 09:32:15 +0000 UTC
Secret message is: 'You can find the source code here: https://github.com/docker-hy'
2024-04-02 09:32:17 +0000 UTC
2024-04-02 09:32:19 +0000 UTC
2024-04-02 09:32:21 +0000 UTC
2024-04-02 09:32:23 +0000 UTC
2024-04-02 09:32:25 +0000 UTC
Secret message is: 'You can find the source code here: https://github.com/docker-hy'
2024-04-02 09:32:27 +0000 UTC
2024-04-02 09:32:29 +0000 UTC
2024-04-02 09:32:31 +0000 UTC
2024-04-02 09:32:33 +0000 UTC
2024-04-02 09:32:35 +0000 UTC
Secret message is: 'You can find the source code here: https://github.com/docker-hy'
2024-04-02 09:32:37 +0000 UTC
2024-04-02 09:32:39 +0000 UTC
2024-04-02 09:32:41 +0000 UTC
2024-04-02 09:32:43 +0000 UTC
2024-04-02 09:32:45 +0000 UTC
Secret message is: 'You can find the source code here: https://github.com/docker-hy'
2024-04-02 09:32:47 +0000 UTC
2024-04-02 09:32:49 +0000 UTC
2024-04-02 09:32:51 +0000 UTC
2024-04-02 09:32:53 +0000 UTC
2024-04-02 09:32:55 +0000 UTC
Secret message is: 'You can find the source code here: https://github.com/docker-hy'
2024-04-02 09:32:57 +0000 UTC
2024-04-02 09:32:59 +0000 UTC
2024-04-02 09:33:01 +0000 UTC
2024-04-02 09:33:03 +0000 UTC
2024-04-02 09:33:05 +0000 UTC
Secret message is: 'You can find the source code here: https://github.com/docker-hy'
2024-04-02 09:33:07 +0000 UTC
2024-04-02 09:33:09 +0000 UTC
2024-04-02 09:33:11 +0000 UTC
2024-04-02 09:33:13 +0000 UTC
2024-04-02 09:33:15 +0000 UTC
Secret message is: 'You can find the source code here: https://github.com/docker-hy'
2024-04-02 09:33:17 +0000 UTC
2024-04-02 09:33:19 +0000 UTC
2024-04-02 09:33:21 +0000 UTC
2024-04-02 09:33:23 +0000 UTC
2024-04-02 09:33:25 +0000 UTC
Secret message is: 'You can find the source code here: https://github.com/docker-hy'
2024-04-02 09:33:27 +0000 UTC
2024-04-02 09:33:29 +0000 UTC
2024-04-02 09:33:31 +0000 UTC
2024-04-02 09:33:33 +0000 UTC
2024-04-02 09:33:35 +0000 UTC
Secret message is: 'You can find the source code here: https://github.com/docker-hy'
2024-04-02 09:33:37 +0000 UTC
2024-04-02 09:33:39 +0000 UTC
2024-04-02 09:33:41 +0000 UTC
2024-04-02 09:33:43 +0000 UTC
2024-04-02 09:33:45 +0000 UTC
Secret message is: 'You can find the source code here: https://github.com/docker-hy'
2024-04-02 09:33:47 +0000 UTC
2024-04-02 09:33:49 +0000 UTC
2024-04-02 09:33:51 +0000 UTC
2024-04-02 09:33:53 +0000 UTC
2024-04-02 09:33:55 +0000 UTC
Secret message is: 'You can find the source code here: https://github.com/docker-hy'
2024-04-02 09:33:57 +0000 UTC
2024-04-02 09:33:59 +0000 UTC
2024-04-02 09:34:01 +0000 UTC
2024-04-02 09:34:03 +0000 UTC
2024-04-02 09:34:05 +0000 UTC
Secret message is: 'You can find the source code here: https://github.com/docker-hy'
2024-04-02 09:34:07 +0000 UTC
2024-04-02 09:34:09 +0000 UTC
2024-04-02 09:34:11 +0000 UTC
2024-04-02 09:34:13 +0000 UTC
2024-04-02 09:34:15 +0000 UTC
Secret message is: 'You can find the source code here: https://github.com/docker-hy'
2024-04-02 09:34:17 +0000 UTC
2024-04-02 09:34:19 +0000 UTC
2024-04-02 09:34:21 +0000 UTC
2024-04-02 09:34:23 +0000 UTC
2024-04-02 09:34:25 +0000 UTC
Secret message is: 'You can find the source code here: https://github.com/docker-hy'
2024-04-02 09:34:27 +0000 UTC
2024-04-02 09:34:29 +0000 UTC
2024-04-02 09:34:31 +0000 UTC
2024-04-02 09:34:33 +0000 UTC
2024-04-02 09:34:35 +0000 UTC
Secret message is: 'You can find the source code here: https://github.com/docker-hy'
2024-04-02 09:34:37 +0000 UTC
2024-04-02 09:34:39 +0000 UTC
2024-04-02 09:34:41 +0000 UTC
2024-04-02 09:34:43 +0000 UTC
2024-04-02 09:34:45 +0000 UTC
Secret message is: 'You can find the source code here: https://github.com/docker-hy'
2024-04-02 09:34:47 +0000 UTC
2024-04-02 09:34:49 +0000 UTC
2024-04-02 09:34:51 +0000 UTC
2024-04-02 09:34:53 +0000 UTC
2024-04-02 09:34:55 +0000 UTC
Secret message is: 'You can find the source code here: https://github.com/docker-hy'
2024-04-02 09:34:57 +0000 UTC
2024-04-02 09:34:59 +0000 UTC
2024-04-02 09:35:01 +0000 UTC
2024-04-02 09:35:03 +0000 UTC
2024-04-02 09:35:05 +0000 UTC
Secret message is: 'You can find the source code here: https://github.com/docker-hy'
2024-04-02 09:35:07 +0000 UTC
2024-04-02 09:35:09 +0000 UTC
2024-04-02 09:35:11 +0000 UTC
2024-04-02 09:35:13 +0000 UTC
2024-04-02 09:35:15 +0000 UTC
Secret message is: 'You can find the source code here: https://github.com/docker-hy'
2024-04-02 09:35:17 +0000 UTC
2024-04-02 09:35:19 +0000 UTC
2024-04-02 09:35:21 +0000 UTC
2024-04-02 09:35:23 +0000 UTC
2024-04-02 09:35:25 +0000 UTC
Secret message is: 'You can find the source code here: https://github.com/docker-hy'
2024-04-02 09:35:27 +0000 UTC
2024-04-02 09:35:29 +0000 UTC
2024-04-02 09:35:31 +0000 UTC
2024-04-02 09:35:33 +0000 UTC
2024-04-02 09:35:35 +0000 UTC
Secret message is: 'You can find the source code here: https://github.com/docker-hy'
2024-04-02 09:35:37 +0000 UTC
2024-04-02 09:35:39 +0000 UTC
2024-04-02 09:35:41 +0000 UTC
2024-04-02 09:35:43 +0000 UTC
2024-04-02 09:35:45 +0000 UTC
Secret message is: 'You can find the source code here: https://github.com/docker-hy'
2024-04-02 09:35:47 +0000 UTC
2024-04-02 09:35:49 +0000 UTC
2024-04-02 09:35:51 +0000 UTC
2024-04-02 09:35:53 +0000 UTC
2024-04-02 09:35:55 +0000 UTC
Secret message is: 'You can find the source code here: https://github.com/docker-hy'
2024-04-02 09:35:57 +0000 UTC
2024-04-02 09:35:59 +0000 UTC
2024-04-02 09:36:01 +0000 UTC
2024-04-02 09:36:03 +0000 UTC
2024-04-02 09:36:05 +0000 UTC
Secret message is: 'You can find the source code here: https://github.com/docker-hy'
2024-04-02 09:36:07 +0000 UTC
2024-04-02 09:36:09 +0000 UTC
2024-04-02 09:36:11 +0000 UTC
2024-04-02 09:36:13 +0000 UTC
2024-04-02 09:36:15 +0000 UTC
Secret message is: 'You can find the source code here: https://github.com/docker-hy'
2024-04-02 09:36:17 +0000 UTC
2024-04-02 09:36:19 +0000 UTC
2024-04-02 09:36:21 +0000 UTC
2024-04-02 09:36:23 +0000 UTC
2024-04-02 09:36:25 +0000 UTC
Secret message is: 'You can find the source code here: https://github.com/docker-hy'
2024-04-02 09:36:27 +0000 UTC
2024-04-02 09:36:29 +0000 UTC
2024-04-02 09:36:31 +0000 UTC
2024-04-02 09:36:33 +0000 UTC
2024-04-02 09:36:35 +0000 UTC
Secret message is: 'You can find the source code here: https://github.com/docker-hy'
2024-04-02 09:36:37 +0000 UTC
2024-04-02 09:36:39 +0000 UTC
2024-04-02 09:36:41 +0000 UTC
2024-04-02 09:36:43 +0000 UTC
2024-04-02 09:36:45 +0000 UTC
Secret message is: 'You can find the source code here: https://github.com/docker-hy'
2024-04-02 09:36:47 +0000 UTC
2024-04-02 09:36:49 +0000 UTC
2024-04-02 09:36:51 +0000 UTC
2024-04-02 09:36:53 +0000 UTC
2024-04-02 09:36:55 +0000 UTC
Secret message is: 'You can find the source code here: https://github.com/docker-hy'
2024-04-02 09:36:57 +0000 UTC
2024-04-02 09:36:59 +0000 UTC
2024-04-02 09:37:01 +0000 UTC
2024-04-02 09:37:03 +0000 UTC
2024-04-02 09:37:05 +0000 UTC
Secret message is: 'You can find the source code here: https://github.com/docker-hy'
2024-04-02 09:37:07 +0000 UTC
2024-04-02 09:37:09 +0000 UTC
2024-04-02 09:37:11 +0000 UTC
2024-04-02 09:37:13 +0000 UTC
2024-04-02 09:37:15 +0000 UTC
Secret message is: 'You can find the source code here: https://github.com/docker-hy'
2024-04-02 09:37:17 +0000 UTC
2024-04-02 09:37:19 +0000 UTC
2024-04-02 09:37:21 +0000 UTC
2024-04-02 09:37:23 +0000 UTC
2024-04-02 09:37:25 +0000 UTC
Secret message is: 'You can find the source code here: https://github.com/docker-hy'
2024-04-02 09:37:27 +0000 UTC
2024-04-02 09:37:29 +0000 UTC
2024-04-02 09:37:31 +0000 UTC
2024-04-02 09:37:33 +0000 UTC
2024-04-02 09:37:35 +0000 UTC
Secret message is: 'You can find the source code here: https://github.com/docker-hy'
2024-04-02 09:37:37 +0000 UTC
2024-04-02 09:37:39 +0000 UTC
2024-04-02 09:37:41 +0000 UTC
2024-04-02 09:37:43 +0000 UTC
2024-04-02 09:37:45 +0000 UTC
Secret message is: 'You can find the source code here: https://github.com/docker-hy'
2024-04-02 09:37:47 +0000 UTC
2024-04-02 09:37:49 +0000 UTC
2024-04-02 09:37:51 +0000 UTC
2024-04-02 09:37:53 +0000 UTC
2024-04-02 09:37:55 +0000 UTC
Secret message is: 'You can find the source code here: https://github.com/docker-hy'
2024-04-02 09:37:57 +0000 UTC
2024-04-02 09:37:59 +0000 UTC
2024-04-02 09:38:01 +0000 UTC
2024-04-02 09:38:03 +0000 UTC
2024-04-02 09:38:05 +0000 UTC
Secret message is: 'You can find the source code here: https://github.com/docker-hy'
2024-04-02 09:38:07 +0000 UTC
2024-04-02 09:38:10 +0000 UTC
2024-04-02 09:38:12 +0000 UTC
2024-04-02 09:38:14 +0000 UTC
2024-04-02 09:38:16 +0000 UTC
Secret message is: 'You can find the source code here: https://github.com/docker-hy'
2024-04-02 09:38:18 +0000 UTC
2024-04-02 09:38:20 +0000 UTC
2024-04-02 09:38:22 +0000 UTC
2024-04-02 09:38:24 +0000 UTC
2024-04-02 09:38:26 +0000 UTC
Secret message is: 'You can find the source code here: https://github.com/docker-hy'
2024-04-02 09:38:28 +0000 UTC
2024-04-02 09:38:30 +0000 UTC
2024-04-02 09:38:32 +0000 UTC
2024-04-02 09:38:34 +0000 UTC
2024-04-02 09:38:36 +0000 UTC
Secret message is: 'You can find the source code here: https://github.com/docker-hy'
2024-04-02 09:38:38 +0000 UTC
2024-04-02 09:38:40 +0000 UTC
2024-04-02 09:38:42 +0000 UTC
2024-04-02 09:38:44 +0000 UTC
2024-04-02 09:38:46 +0000 UTC
Secret message is: 'You can find the source code here: https://github.com/docker-hy'
2024-04-02 09:38:48 +0000 UTC
2024-04-02 09:38:50 +0000 UTC
2024-04-02 09:38:52 +0000 UTC
2024-04-02 09:38:54 +0000 UTC
2024-04-02 09:38:56 +0000 UTC
Secret message is: 'You can find the source code here: https://github.com/docker-hy'
2024-04-02 09:38:58 +0000 UTC
2024-04-02 09:39:00 +0000 UTC
2024-04-02 09:39:02 +0000 UTC
2024-04-02 09:39:04 +0000 UTC
2024-04-02 09:39:06 +0000 UTC
Secret message is: 'You can find the source code here: https://github.com/docker-hy'
2024-04-02 09:39:08 +0000 UTC
2024-04-02 09:39:10 +0000 UTC
2024-04-02 09:39:12 +0000 UTC
2024-04-02 09:39:14 +0000 UTC
2024-04-02 09:39:16 +0000 UTC
Secret message is: 'You can find the source code here: https://github.com/docker-hy'
2024-04-02 09:39:18 +0000 UTC
2024-04-02 09:39:20 +0000 UTC
2024-04-02 09:39:22 +0000 UTC
2024-04-02 09:39:24 +0000 UTC
2024-04-02 09:39:26 +0000 UTC
Secret message is: 'You can find the source code here: https://github.com/docker-hy'
2024-04-02 09:39:28 +0000 UTC
2024-04-02 09:39:30 +0000 UTC
2024-04-02 09:39:32 +0000 UTC
2024-04-02 09:39:34 +0000 UTC
2024-04-02 09:39:36 +0000 UTC
Secret message is: 'You can find the source code here: https://github.com/docker-hy'
2024-04-02 09:39:38 +0000 UTC
2024-04-02 09:39:40 +0000 UTC
2024-04-02 09:39:42 +0000 UTC
2024-04-02 09:39:44 +0000 UTC
2024-04-02 09:39:46 +0000 UTC
Secret message is: 'You can find the source code here: https://github.com/docker-hy'
2024-04-02 09:39:48 +0000 UTC
2024-04-02 09:39:50 +0000 UTC
2024-04-02 09:39:52 +0000 UTC
2024-04-02 09:39:54 +0000 UTC
2024-04-02 09:39:56 +0000 UTC
Secret message is: 'You can find the source code here: https://github.com/docker-hy'
2024-04-02 09:39:58 +0000 UTC
2024-04-02 09:40:00 +0000 UTC
2024-04-02 09:40:02 +0000 UTC
2024-04-02 09:40:04 +0000 UTC
2024-04-02 09:40:06 +0000 UTC
Secret message is: 'You can find the source code here: https://github.com/docker-hy'
2024-04-02 09:40:08 +0000 UTC
2024-04-02 09:40:10 +0000 UTC
2024-04-02 09:40:12 +0000 UTC
2024-04-02 09:40:14 +0000 UTC
2024-04-02 09:40:16 +0000 UTC
Secret message is: 'You can find the source code here: https://github.com/docker-hy'
2024-04-02 09:40:18 +0000 UTC
2024-04-02 09:40:20 +0000 UTC
2024-04-02 09:40:22 +0000 UTC
2024-04-02 09:40:24 +0000 UTC
2024-04-02 09:40:26 +0000 UTC
Secret message is: 'You can find the source code here: https://github.com/docker-hy'
2024-04-02 09:40:28 +0000 UTC
2024-04-02 09:40:30 +0000 UTC
2024-04-02 09:40:32 +0000 UTC
2024-04-02 09:40:34 +0000 UTC
2024-04-02 09:40:36 +0000 UTC
Secret message is: 'You can find the source code here: https://github.com/docker-hy'
2024-04-02 09:40:38 +0000 UTC
2024-04-02 09:40:40 +0000 UTC
2024-04-02 09:40:42 +0000 UTC
2024-04-02 09:40:44 +0000 UTC
2024-04-02 09:40:46 +0000 UTC
Secret message is: 'You can find the source code here: https://github.com/docker-hy'
2024-04-02 09:40:48 +0000 UTC
2024-04-02 09:40:50 +0000 UTC
2024-04-02 09:40:52 +0000 UTC
2024-04-02 09:40:54 +0000 UTC
2024-04-02 09:40:56 +0000 UTC
Secret message is: 'You can find the source code here: https://github.com/docker-hy'
2024-04-02 09:40:58 +0000 UTC
2024-04-02 09:41:00 +0000 UTC
2024-04-02 09:41:02 +0000 UTC
2024-04-02 09:41:04 +0000 UTC
2024-04-02 09:41:06 +0000 UTC
Secret message is: 'You can find the source code here: https://github.com/docker-hy'
2024-04-02 09:41:08 +0000 UTC
2024-04-02 09:41:10 +0000 UTC
2024-04-02 09:41:12 +0000 UTC
2024-04-02 09:41:14 +0000 UTC
2024-04-02 09:41:16 +0000 UTC
Secret message is: 'You can find the source code here: https://github.com/docker-hy'
2024-04-02 09:41:18 +0000 UTC
2024-04-02 09:41:20 +0000 UTC
2024-04-02 09:41:22 +0000 UTC
2024-04-02 09:41:24 +0000 UTC
2024-04-02 09:41:26 +0000 UTC
Secret message is: 'You can find the source code here: https://github.com/docker-hy'
2024-04-02 09:41:28 +0000 UTC
2024-04-02 09:41:30 +0000 UTC
2024-04-02 09:41:32 +0000 UTC
2024-04-02 09:41:34 +0000 UTC
2024-04-02 09:41:36 +0000 UTC
Secret message is: 'You can find the source code here: https://github.com/docker-hy'
2024-04-02 09:41:38 +0000 UTC
2024-04-02 09:41:40 +0000 UTC
2024-04-02 09:41:42 +0000 UTC
2024-04-02 09:41:44 +0000 UTC
2024-04-02 09:41:46 +0000 UTC
Secret message is: 'You can find the source code here: https://github.com/docker-hy'
2024-04-02 09:41:48 +0000 UTC
2024-04-02 09:41:50 +0000 UTC
2024-04-02 09:41:52 +0000 UTC
2024-04-02 09:41:54 +0000 UTC
2024-04-02 09:41:56 +0000 UTC
Secret message is: 'You can find the source code here: https://github.com/docker-hy'
2024-04-02 09:41:58 +0000 UTC
2024-04-02 09:42:00 +0000 UTC
2024-04-02 09:42:02 +0000 UTC
2024-04-02 09:42:04 +0000 UTC
2024-04-02 09:42:06 +0000 UTC
Secret message is: 'You can find the source code here: https://github.com/docker-hy'
2024-04-02 09:42:08 +0000 UTC
2024-04-02 09:42:10 +0000 UTC
2024-04-02 09:42:12 +0000 UTC
2024-04-02 09:42:14 +0000 UTC
2024-04-02 09:42:16 +0000 UTC
Secret message is: 'You can find the source code here: https://github.com/docker-hy'
2024-04-02 09:42:18 +0000 UTC
2024-04-02 09:42:20 +0000 UTC
2024-04-02 09:42:22 +0000 UTC
2024-04-02 09:42:24 +0000 UTC
2024-04-02 09:42:26 +0000 UTC
Secret message is: 'You can find the source code here: https://github.com/docker-hy'
2024-04-02 09:42:28 +0000 UTC
2024-04-02 09:42:30 +0000 UTC
2024-04-02 09:42:32 +0000 UTC
2024-04-02 09:42:34 +0000 UTC
2024-04-02 09:42:36 +0000 UTC
Secret message is: 'You can find the source code here: https://github.com/docker-hy'
2024-04-02 09:42:38 +0000 UTC
2024-04-02 09:42:40 +0000 UTC
2024-04-02 09:42:42 +0000 UTC
2024-04-02 09:42:44 +0000 UTC
2024-04-02 09:42:46 +0000 UTC
Secret message is: 'You can find the source code here: https://github.com/docker-hy'
2024-04-02 09:42:48 +0000 UTC
2024-04-02 09:42:50 +0000 UTC
2024-04-02 09:42:52 +0000 UTC
2024-04-02 09:42:54 +0000 UTC
2024-04-02 09:42:56 +0000 UTC
Secret message is: 'You can find the source code here: https://github.com/docker-hy'
2024-04-02 09:42:58 +0000 UTC
2024-04-02 09:43:00 +0000 UTC
2024-04-02 09:43:02 +0000 UTC
2024-04-02 09:43:04 +0000 UTC
2024-04-02 09:43:06 +0000 UTC
Secret message is: 'You can find the source code here: https://github.com/docker-hy'
2024-04-02 09:43:08 +0000 UTC
2024-04-02 09:43:10 +0000 UTC
2024-04-02 09:43:12 +0000 UTC
2024-04-02 09:43:14 +0000 UTC
2024-04-02 09:43:16 +0000 UTC
Secret message is: 'You can find the source code here: https://github.com/docker-hy'
2024-04-02 09:43:18 +0000 UTC
2024-04-02 09:43:20 +0000 UTC
2024-04-02 09:43:22 +0000 UTC
2024-04-02 09:43:24 +0000 UTC
2024-04-02 09:43:26 +0000 UTC
Secret message is: 'You can find the source code here: https://github.com/docker-hy'
2024-04-02 09:43:28 +0000 UTC
2024-04-02 09:43:30 +0000 UTC
2024-04-02 09:43:32 +0000 UTC
2024-04-02 09:43:34 +0000 UTC
2024-04-02 09:43:36 +0000 UTC
Secret message is: 'You can find the source code here: https://github.com/docker-hy'
2024-04-02 09:43:38 +0000 UTC
2024-04-02 09:43:40 +0000 UTC
2024-04-02 09:43:42 +0000 UTC
2024-04-02 09:43:44 +0000 UTC
2024-04-02 09:43:46 +0000 UTC
Secret message is: 'You can find the source code here: https://github.com/docker-hy'
2024-04-02 09:43:48 +0000 UTC
2024-04-02 09:43:50 +0000 UTC
2024-04-02 09:43:52 +0000 UTC
2024-04-02 09:43:54 +0000 UTC
2024-04-02 09:43:56 +0000 UTC
Secret message is: 'You can find the source code here: https://github.com/docker-hy'
2024-04-02 09:43:58 +0000 UTC
2024-04-02 09:44:00 +0000 UTC
2024-04-02 09:44:02 +0000 UTC
2024-04-02 09:44:04 +0000 UTC
2024-04-02 09:44:06 +0000 UTC
Secret message is: 'You can find the source code here: https://github.com/docker-hy'
2024-04-02 09:44:08 +0000 UTC
2024-04-02 09:44:10 +0000 UTC
2024-04-02 09:44:12 +0000 UTC
2024-04-02 09:44:14 +0000 UTC
2024-04-02 09:44:16 +0000 UTC
Secret message is: 'You can find the source code here: https://github.com/docker-hy'
2024-04-02 09:44:18 +0000 UTC
2024-04-02 09:44:20 +0000 UTC
2024-04-02 09:44:22 +0000 UTC
2024-04-02 09:44:24 +0000 UTC
2024-04-02 09:44:26 +0000 UTC
Secret message is: 'You can find the source code here: https://github.com/docker-hy'
2024-04-02 09:44:28 +0000 UTC
2024-04-02 09:44:30 +0000 UTC
2024-04-02 09:44:32 +0000 UTC
2024-04-02 09:44:34 +0000 UTC
2024-04-02 09:44:36 +0000 UTC
Secret message is: 'You can find the source code here: https://github.com/docker-hy'
2024-04-02 09:44:38 +0000 UTC
2024-04-02 09:44:40 +0000 UTC
2024-04-02 09:44:42 +0000 UTC
2024-04-02 09:44:44 +0000 UTC
2024-04-02 09:44:46 +0000 UTC
Secret message is: 'You can find the source code here: https://github.com/docker-hy'
2024-04-02 09:44:48 +0000 UTC
2024-04-02 09:44:50 +0000 UTC
2024-04-02 09:44:52 +0000 UTC
2024-04-02 09:44:54 +0000 UTC
2024-04-02 09:44:56 +0000 UTC
Secret message is: 'You can find the source code here: https://github.com/docker-hy'
2024-04-02 09:44:58 +0000 UTC
2024-04-02 09:45:00 +0000 UTC
2024-04-02 09:45:02 +0000 UTC
2024-04-02 09:45:04 +0000 UTC
2024-04-02 09:45:06 +0000 UTC
Secret message is: 'You can find the source code here: https://github.com/docker-hy'
2024-04-02 09:45:08 +0000 UTC
2024-04-02 09:45:10 +0000 UTC
2024-04-02 09:45:12 +0000 UTC
2024-04-02 09:45:14 +0000 UTC
2024-04-02 09:45:16 +0000 UTC
Secret message is: 'You can find the source code here: https://github.com/docker-hy'
2024-04-02 09:45:18 +0000 UTC
2024-04-02 09:45:20 +0000 UTC
2024-04-02 09:45:22 +0000 UTC
2024-04-02 09:45:24 +0000 UTC
2024-04-02 09:45:26 +0000 UTC
Secret message is: 'You can find the source code here: https://github.com/docker-hy'
2024-04-02 09:45:28 +0000 UTC
2024-04-02 09:45:30 +0000 UTC
2024-04-02 09:45:32 +0000 UTC
2024-04-02 09:45:34 +0000 UTC
2024-04-02 09:45:36 +0000 UTC
Secret message is: 'You can find the source code here: https://github.com/docker-hy'
2024-04-02 09:45:38 +0000 UTC
2024-04-02 09:45:40 +0000 UTC
2024-04-02 09:45:42 +0000 UTC
2024-04-02 09:45:44 +0000 UTC
2024-04-02 09:45:46 +0000 UTC
Secret message is: 'You can find the source code here: https://github.com/docker-hy'
2024-04-02 09:45:48 +0000 UTC
2024-04-02 09:45:50 +0000 UTC
2024-04-02 09:45:52 +0000 UTC
2024-04-02 09:45:54 +0000 UTC
2024-04-02 09:45:56 +0000 UTC
Secret message is: 'You can find the source code here: https://github.com/docker-hy'
2024-04-02 09:45:58 +0000 UTC
2024-04-02 09:46:00 +0000 UTC
2024-04-02 09:46:02 +0000 UTC
2024-04-02 09:46:04 +0000 UTC
2024-04-02 09:46:06 +0000 UTC
Secret message is: 'You can find the source code here: https://github.com/docker-hy'
2024-04-02 09:46:08 +0000 UTC
2024-04-02 09:46:10 +0000 UTC
2024-04-02 09:46:12 +0000 UTC
2024-04-02 09:46:14 +0000 UTC
2024-04-02 09:46:16 +0000 UTC
Secret message is: 'You can find the source code here: https://github.com/docker-hy'
2024-04-02 09:46:19 +0000 UTC
2024-04-02 09:46:21 +0000 UTC
2024-04-02 09:46:23 +0000 UTC
2024-04-02 09:46:25 +0000 UTC
2024-04-02 09:46:27 +0000 UTC
Secret message is: 'You can find the source code here: https://github.com/docker-hy'
2024-04-02 09:46:29 +0000 UTC
2024-04-02 09:46:31 +0000 UTC
2024-04-02 09:46:33 +0000 UTC
2024-04-02 09:46:35 +0000 UTC
2024-04-02 09:46:37 +0000 UTC
Secret message is: 'You can find the source code here: https://github.com/docker-hy'
2024-04-02 09:46:39 +0000 UTC
2024-04-02 09:46:41 +0000 UTC
2024-04-02 09:46:43 +0000 UTC
2024-04-02 09:46:45 +0000 UTC
2024-04-02 09:46:47 +0000 UTC
Secret message is: 'You can find the source code here: https://github.com/docker-hy'
2024-04-02 09:46:49 +0000 UTC
2024-04-02 09:46:51 +0000 UTC
2024-04-02 09:46:53 +0000 UTC
2024-04-02 09:46:55 +0000 UTC
2024-04-02 09:46:57 +0000 UTC
Secret message is: 'You can find the source code here: https://github.com/docker-hy'
2024-04-02 09:46:59 +0000 UTC
2024-04-02 09:47:01 +0000 UTC
2024-04-02 09:47:03 +0000 UTC
2024-04-02 09:47:05 +0000 UTC
2024-04-02 09:47:07 +0000 UTC
Secret message is: 'You can find the source code here: https://github.com/docker-hy'
2024-04-02 09:47:09 +0000 UTC
2024-04-02 09:47:11 +0000 UTC
2024-04-02 09:47:13 +0000 UTC
2024-04-02 09:47:15 +0000 UTC
2024-04-02 09:47:17 +0000 UTC
Secret message is: 'You can find the source code here: https://github.com/docker-hy'
2024-04-02 09:47:19 +0000 UTC
2024-04-02 09:47:21 +0000 UTC
2024-04-02 09:47:23 +0000 UTC
2024-04-02 09:47:25 +0000 UTC
2024-04-02 09:47:27 +0000 UTC
Secret message is: 'You can find the source code here: https://github.com/docker-hy'
2024-04-02 09:47:29 +0000 UTC
2024-04-02 09:47:31 +0000 UTC
2024-04-02 09:47:33 +0000 UTC
2024-04-02 09:47:35 +0000 UTC
2024-04-02 09:47:37 +0000 UTC
Secret message is: 'You can find the source code here: https://github.com/docker-hy'
2024-04-02 09:47:39 +0000 UTC
2024-04-02 09:47:41 +0000 UTC
2024-04-02 09:47:43 +0000 UTC
2024-04-02 09:47:45 +0000 UTC
2024-04-02 09:47:47 +0000 UTC
Secret message is: 'You can find the source code here: https://github.com/docker-hy'
2024-04-02 09:47:49 +0000 UTC
2024-04-02 09:47:51 +0000 UTC
2024-04-02 09:47:53 +0000 UTC
2024-04-02 09:47:55 +0000 UTC
2024-04-02 09:47:57 +0000 UTC
Secret message is: 'You can find the source code here: https://github.com/docker-hy'
2024-04-02 09:47:59 +0000 UTC
2024-04-02 09:48:01 +0000 UTC
2024-04-02 09:48:03 +0000 UTC
2024-04-02 09:48:05 +0000 UTC
2024-04-02 09:48:07 +0000 UTC
Secret message is: 'You can find the source code here: https://github.com/docker-hy'
2024-04-02 09:48:09 +0000 UTC
2024-04-02 09:48:11 +0000 UTC
2024-04-02 09:48:13 +0000 UTC
2024-04-02 09:48:15 +0000 UTC
2024-04-02 09:48:17 +0000 UTC
Secret message is: 'You can find the source code here: https://github.com/docker-hy'
2024-04-02 09:48:19 +0000 UTC
2024-04-02 09:48:21 +0000 UTC
2024-04-02 09:48:23 +0000 UTC
2024-04-02 09:48:25 +0000 UTC
2024-04-02 09:48:27 +0000 UTC
Secret message is: 'You can find the source code here: https://github.com/docker-hy'
2024-04-02 09:48:29 +0000 UTC
2024-04-02 09:48:31 +0000 UTC
2024-04-02 09:48:33 +0000 UTC
2024-04-02 09:48:35 +0000 UTC
2024-04-02 09:48:37 +0000 UTC
Secret message is: 'You can find the source code here: https://github.com/docker-hy'
2024-04-02 09:48:39 +0000 UTC
2024-04-02 09:48:41 +0000 UTC
2024-04-02 09:48:43 +0000 UTC
2024-04-02 09:48:45 +0000 UTC
2024-04-02 09:48:47 +0000 UTC
Secret message is: 'You can find the source code here: https://github.com/docker-hy'
2024-04-02 09:48:49 +0000 UTC
2024-04-02 09:48:51 +0000 UTC
2024-04-02 09:48:53 +0000 UTC
2024-04-02 09:48:55 +0000 UTC
2024-04-02 09:48:57 +0000 UTC
Secret message is: 'You can find the source code here: https://github.com/docker-hy'
2024-04-02 09:48:59 +0000 UTC
2024-04-02 09:49:01 +0000 UTC
2024-04-02 09:49:03 +0000 UTC
2024-04-02 09:49:05 +0000 UTC
2024-04-02 09:49:07 +0000 UTC
Secret message is: 'You can find the source code here: https://github.com/docker-hy'
2024-04-02 09:49:09 +0000 UTC
2024-04-02 09:49:11 +0000 UTC
2024-04-02 09:49:13 +0000 UTC
2024-04-02 09:49:15 +0000 UTC
2024-04-02 09:49:17 +0000 UTC
Secret message is: 'You can find the source code here: https://github.com/docker-hy'
2024-04-02 09:49:19 +0000 UTC
2024-04-02 09:49:21 +0000 UTC
2024-04-02 09:49:23 +0000 UTC
2024-04-02 09:49:25 +0000 UTC
2024-04-02 09:49:27 +0000 UTC
Secret message is: 'You can find the source code here: https://github.com/docker-hy'
2024-04-02 09:49:29 +0000 UTC
2024-04-02 09:49:31 +0000 UTC
2024-04-02 09:49:33 +0000 UTC
2024-04-02 09:49:35 +0000 UTC
2024-04-02 09:49:37 +0000 UTC
Secret message is: 'You can find the source code here: https://github.com/docker-hy'
2024-04-02 09:49:39 +0000 UTC
2024-04-02 09:49:41 +0000 UTC
2024-04-02 09:49:43 +0000 UTC
2024-04-02 09:49:45 +0000 UTC
2024-04-02 09:49:47 +0000 UTC
Secret message is: 'You can find the source code here: https://github.com/docker-hy'
2024-04-02 09:49:49 +0000 UTC
2024-04-02 09:49:51 +0000 UTC
2024-04-02 09:49:53 +0000 UTC
2024-04-02 09:49:55 +0000 UTC
2024-04-02 09:49:57 +0000 UTC
Secret message is: 'You can find the source code here: https://github.com/docker-hy'
2024-04-02 09:49:59 +0000 UTC
2024-04-02 09:50:01 +0000 UTC
2024-04-02 09:50:03 +0000 UTC
2024-04-02 09:50:05 +0000 UTC
2024-04-02 09:50:07 +0000 UTC
Secret message is: 'You can find the source code here: https://github.com/docker-hy'
2024-04-02 09:50:09 +0000 UTC
2024-04-02 09:50:11 +0000 UTC
2024-04-02 09:50:13 +0000 UTC
2024-04-02 09:50:15 +0000 UTC
2024-04-02 09:50:17 +0000 UTC
Secret message is: 'You can find the source code here: https://github.com/docker-hy'
2024-04-02 09:50:19 +0000 UTC
2024-04-02 09:50:21 +0000 UTC
2024-04-02 09:50:23 +0000 UTC
2024-04-02 09:50:25 +0000 UTC
2024-04-02 09:50:27 +0000 UTC
Secret message is: 'You can find the source code here: https://github.com/docker-hy'
2024-04-02 09:50:29 +0000 UTC
2024-04-02 09:50:31 +0000 UTC
2024-04-02 09:50:33 +0000 UTC
2024-04-02 09:50:35 +0000 UTC
2024-04-02 09:50:37 +0000 UTC
Secret message is: 'You can find the source code here: https://github.com/docker-hy'
2024-04-02 09:50:39 +0000 UTC
2024-04-02 09:50:41 +0000 UTC
2024-04-02 09:50:43 +0000 UTC
2024-04-02 09:50:45 +0000 UTC
2024-04-02 09:50:47 +0000 UTC
Secret message is: 'You can find the source code here: https://github.com/docker-hy'
2024-04-02 09:50:49 +0000 UTC
2024-04-02 09:50:51 +0000 UTC
2024-04-02 09:50:53 +0000 UTC
2024-04-02 09:50:55 +0000 UTC
2024-04-02 09:50:57 +0000 UTC
Secret message is: 'You can find the source code here: https://github.com/docker-hy'
2024-04-02 09:50:59 +0000 UTC
2024-04-02 09:51:01 +0000 UTC
2024-04-02 09:51:03 +0000 UTC
2024-04-02 09:51:05 +0000 UTC
2024-04-02 09:51:07 +0000 UTC
Secret message is: 'You can find the source code here: https://github.com/docker-hy'
2024-04-02 09:51:09 +0000 UTC
2024-04-02 09:51:11 +0000 UTC
2024-04-02 09:51:13 +0000 UTC
2024-04-02 09:51:15 +0000 UTC
2024-04-02 09:51:17 +0000 UTC
Secret message is: 'You can find the source code here: https://github.com/docker-hy'
2024-04-02 09:51:19 +0000 UTC
2024-04-02 09:51:21 +0000 UTC
2024-04-02 09:51:23 +0000 UTC
2024-04-02 09:51:25 +0000 UTC
2024-04-02 09:51:27 +0000 UTC
Secret message is: 'You can find the source code here: https://github.com/docker-hy'
2024-04-02 09:51:29 +0000 UTC
2024-04-02 09:51:31 +0000 UTC
2024-04-02 09:51:33 +0000 UTC
2024-04-02 09:51:35 +0000 UTC
2024-04-02 09:51:37 +0000 UTC
Secret message is: 'You can find the source code here: https://github.com/docker-hy'
2024-04-02 09:51:39 +0000 UTC
2024-04-02 09:51:41 +0000 UTC
2024-04-02 09:51:43 +0000 UTC
2024-04-02 09:51:45 +0000 UTC
2024-04-02 09:51:47 +0000 UTC
Secret message is: 'You can find the source code here: https://github.com/docker-hy'
2024-04-02 09:51:49 +0000 UTC
2024-04-02 09:51:51 +0000 UTC
2024-04-02 09:51:53 +0000 UTC
2024-04-02 09:51:55 +0000 UTC
2024-04-02 09:51:57 +0000 UTC
Secret message is: 'You can find the source code here: https://github.com/docker-hy'
2024-04-02 09:51:59 +0000 UTC
2024-04-02 09:52:01 +0000 UTC
2024-04-02 09:52:03 +0000 UTC
2024-04-02 09:52:05 +0000 UTC
2024-04-02 09:52:07 +0000 UTC
Secret message is: 'You can find the source code here: https://github.com/docker-hy'
2024-04-02 09:52:09 +0000 UTC
2024-04-02 09:52:11 +0000 UTC
2024-04-02 09:52:13 +0000 UTC
2024-04-02 09:52:15 +0000 UTC
2024-04-02 09:52:17 +0000 UTC
Secret message is: 'You can find the source code here: https://github.com/docker-hy'
2024-04-02 09:52:19 +0000 UTC
2024-04-02 09:52:21 +0000 UTC
2024-04-02 09:52:23 +0000 UTC
2024-04-02 09:52:25 +0000 UTC
2024-04-02 09:52:27 +0000 UTC
Secret message is: 'You can find the source code here: https://github.com/docker-hy'
2024-04-02 09:52:29 +0000 UTC
2024-04-02 09:52:31 +0000 UTC
2024-04-02 09:52:33 +0000 UTC
2024-04-02 09:52:35 +0000 UTC
2024-04-02 09:52:37 +0000 UTC
Secret message is: 'You can find the source code here: https://github.com/docker-hy'
2024-04-02 09:52:39 +0000 UTC
2024-04-02 09:52:41 +0000 UTC
2024-04-02 09:52:43 +0000 UTC
2024-04-02 09:52:45 +0000 UTC
2024-04-02 09:52:47 +0000 UTC
Secret message is: 'You can find the source code here: https://github.com/docker-hy'
2024-04-02 09:52:49 +0000 UTC
2024-04-02 09:52:51 +0000 UTC
2024-04-02 09:52:53 +0000 UTC
2024-04-02 09:52:55 +0000 UTC
2024-04-02 09:52:57 +0000 UTC
Secret message is: 'You can find the source code here: https://github.com/docker-hy'
2024-04-02 09:52:59 +0000 UTC
2024-04-02 09:53:01 +0000 UTC
2024-04-02 09:53:03 +0000 UTC
2024-04-02 09:53:05 +0000 UTC
2024-04-02 09:53:07 +0000 UTC
Secret message is: 'You can find the source code here: https://github.com/docker-hy'
2024-04-02 09:53:09 +0000 UTC
2024-04-02 09:53:11 +0000 UTC
2024-04-02 09:53:13 +0000 UTC
2024-04-02 09:53:15 +0000 UTC
2024-04-02 09:53:17 +0000 UTC
Secret message is: 'You can find the source code here: https://github.com/docker-hy'
2024-04-02 09:53:19 +0000 UTC
2024-04-02 09:53:21 +0000 UTC
2024-04-02 09:53:23 +0000 UTC
2024-04-02 09:53:25 +0000 UTC
2024-04-02 09:53:27 +0000 UTC
Secret message is: 'You can find the source code here: https://github.com/docker-hy'
2024-04-02 09:53:29 +0000 UTC
2024-04-02 09:53:31 +0000 UTC
2024-04-02 09:53:33 +0000 UTC
2024-04-02 09:53:35 +0000 UTC
2024-04-02 09:53:38 +0000 UTC
Secret message is: 'You can find the source code here: https://github.com/docker-hy'
2024-04-02 09:53:40 +0000 UTC
2024-04-02 09:53:42 +0000 UTC
2024-04-02 09:53:44 +0000 UTC
2024-04-02 09:53:46 +0000 UTC
2024-04-02 09:53:48 +0000 UTC
Secret message is: 'You can find the source code here: https://github.com/docker-hy'
2024-04-02 09:53:50 +0000 UTC
2024-04-02 09:53:52 +0000 UTC
2024-04-02 09:53:54 +0000 UTC
2024-04-02 09:53:56 +0000 UTC
2024-04-02 09:53:58 +0000 UTC
Secret message is: 'You can find the source code here: https://github.com/docker-hy'
2024-04-02 09:54:00 +0000 UTC
2024-04-02 09:54:02 +0000 UTC
2024-04-02 09:54:04 +0000 UTC
